#
# A fatal error has been detected by the Java Runtime Environment:
#
#  EXCEPTION_ACCESS_VIOLATION (0xc0000005) at pc=0x00000000713078b0, pid=220, tid=0x0000000000002740
#
# JRE version: Java(TM) SE Runtime Environment (8.0_111-b14) (build 1.8.0_111-b14)
# Java VM: Java HotSpot(TM) 64-Bit Server VM (25.111-b14 mixed mode windows-amd64 compressed oops)
# Problematic frame:
# C  [nvoglv64.DLL+0xab78b0]
#
# Failed to write core dump. Minidumps are not enabled by default on client versions of Windows
#
# If you would like to submit a bug report, please visit:
#   http://bugreport.java.com/bugreport/crash.jsp
# The crash happened outside the Java Virtual Machine in native code.
# See problematic frame for where to report the bug.
#

---------------  T H R E A D  ---------------

Current thread (0x00000000189da000):  JavaThread "LWJGL Application" [_thread_in_native, id=10048, stack(0x0000000019690000,0x0000000019790000)]

siginfo: ExceptionCode=0xc0000005, reading address 0x00000000195a5a2e

Registers:
RAX=0x0000000000000048, RBX=0x00000000195a59a0, RCX=0xfffffff869b7c30a, RDX=0x00000000b6a06670
RSP=0x000000001978ecb0, RBP=0x0000000000000048, RSI=0x000000001a498080, RDI=0x000000001a498080
R8 =0x00000000000003cc, R9 =0x0000000000000000, R10=0x0000000000000007, R11=0x00000000d76a65a8
R12=0x0000000000000000, R13=0x000000001a498828, R14=0x0000000000001403, R15=0x0000000000000000
RIP=0x00000000713078b0, EFLAGS=0x0000000000010246

Top of Stack: (sp=0x000000001978ecb0)
0x000000001978ecb0:   0000000000000004 00000000d66095e8
0x000000001978ecc0:   00000000712a4b90 0000000072b35d80
0x000000001978ecd0:   000000001978edf0 000000000000000b
0x000000001978ece0:   00000000189ec130 0000000000000001
0x000000001978ecf0:   000000001978f700 000000000265f0ac
0x000000001978ed00:   0000000000000004 0000000000000048
0x000000001978ed10:   0000000100027bc0 0000000000001403
0x000000001978ed20:   000000007125d690 00000000195a59a0
0x000000001978ed30:   0000000000000000 0000000070fdbb56
0x000000001978ed40:   000000001a498828 0000000000000004
0x000000001978ed50:   000000001a498080 00000000187ed730
0x000000001978ed60:   0000000000000048 0000000000000090
0x000000001978ed70:   00000000195a59a0 0000000000000000
0x000000001978ed80:   000000001978ee00 000000000265aa8a
0x000000001978ed90:   000000001876ace8 0000000000000000
0x000000001978eda0:   00000000189da000 000000001978ee38 

Instructions: (pc=0x00000000713078b0)
0x0000000071307890:   8b fa 0f 47 f9 0f 42 d1 2b fa eb 6a 41 81 fe 03
0x00000000713078a0:   14 00 00 75 29 48 8b 9c 24 c0 00 00 00 48 63 c5
0x00000000713078b0:   0f b7 4c 43 fe 0f b7 13 0f b7 c1 66 3b d1 66 0f
0x00000000713078c0:   47 c2 66 0f 42 ca 0f b7 f8 0f b7 c1 eb 36 41 81 


Register to memory mapping:

RAX=0x0000000000000048 is an unknown value
RBX=0x00000000195a59a0 is an unknown value
RCX=0xfffffff869b7c30a is an unknown value
RDX=0x00000000b6a06670 is an unallocated location in the heap
RSP=0x000000001978ecb0 is pointing into the stack for thread: 0x00000000189da000
RBP=0x0000000000000048 is an unknown value
RSI=0x000000001a498080 is an unknown value
RDI=0x000000001a498080 is an unknown value
R8 =0x00000000000003cc is an unknown value
R9 =0x0000000000000000 is an unknown value
R10=0x0000000000000007 is an unknown value
R11=0x00000000d76a65a8 is an oop
java.nio.DirectShortBufferU 
 - klass: 'java/nio/DirectShortBufferU'
R12=0x0000000000000000 is an unknown value
R13=0x000000001a498828 is an unknown value
R14=0x0000000000001403 is an unknown value
R15=0x0000000000000000 is an unknown value


Stack: [0x0000000019690000,0x0000000019790000],  sp=0x000000001978ecb0,  free space=1019k
Native frames: (J=compiled Java code, j=interpreted, Vv=VM code, C=native code)
C  [nvoglv64.DLL+0xab78b0]
C  [nvoglv64.DLL+0x78bb56]
C  0x00000000026bdfdc

Java frames: (J=compiled Java code, j=interpreted, Vv=VM code)
J 915  org.lwjgl.opengl.GL11.nglDrawElements(IIIJJ)V (0 bytes) @ 0x00000000026bdf56 [0x00000000026bdf00+0x56]
J 882 C1 org.lwjgl.opengl.GL11.glDrawElements(ILjava/nio/ShortBuffer;)V (38 bytes) @ 0x00000000026a48fc [0x00000000026a4040+0x8bc]
J 888 C1 com.badlogic.gdx.backends.lwjgl.LwjglGL20.glDrawElements(IIILjava/nio/Buffer;)V (124 bytes) @ 0x00000000026a765c [0x00000000026a68e0+0xd7c]
J 868 C1 com.badlogic.gdx.graphics.Mesh.render(Lcom/badlogic/gdx/graphics/glutils/ShaderProgram;IIIZ)V (182 bytes) @ 0x00000000026883a4 [0x0000000002687ce0+0x6c4]
J 823 C1 com.badlogic.gdx.graphics.g2d.SpriteBatch.flush()V (185 bytes) @ 0x0000000002670d44 [0x000000000266f3e0+0x1964]
J 858 C1 com.badlogic.gdx.graphics.g2d.SpriteBatch.draw(Lcom/badlogic/gdx/graphics/Texture;[FII)V (165 bytes) @ 0x0000000002682234 [0x00000000026820a0+0x194]
J 857 C1 com.badlogic.gdx.graphics.g2d.BitmapFontCache.draw(Lcom/badlogic/gdx/graphics/g2d/Batch;)V (73 bytes) @ 0x00000000026817fc [0x0000000002681440+0x3bc]
J 928 C1 com.defensetower.game.gamestates.MenuState.draw()V (185 bytes) @ 0x00000000026c456c [0x00000000026c3a80+0xaec]
J 977 C1 com.defensetower.game.MainGame.render()V (49 bytes) @ 0x00000000026f028c [0x00000000026ef620+0xc6c]
j  com.badlogic.gdx.backends.lwjgl.LwjglApplication.mainLoop()V+698
j  com.badlogic.gdx.backends.lwjgl.LwjglApplication$1.run()V+27
v  ~StubRoutines::call_stub

---------------  P R O C E S S  ---------------

Java Threads: ( => current thread )
  0x00000000199b4800 JavaThread "LWJGL Timer" daemon [_thread_blocked, id=10324, stack(0x0000000021520000,0x0000000021620000)]
  0x00000000021d2800 JavaThread "DestroyJavaVM" [_thread_blocked, id=10280, stack(0x0000000002000000,0x0000000002100000)]
=>0x00000000189da000 JavaThread "LWJGL Application" [_thread_in_native, id=10048, stack(0x0000000019690000,0x0000000019790000)]
  0x0000000016e5d800 JavaThread "Service Thread" daemon [_thread_blocked, id=10336, stack(0x0000000018b40000,0x0000000018c40000)]
  0x0000000016e0a800 JavaThread "C1 CompilerThread2" daemon [_thread_blocked, id=10340, stack(0x0000000018640000,0x0000000018740000)]
  0x0000000016e03000 JavaThread "C2 CompilerThread1" daemon [_thread_blocked, id=12120, stack(0x0000000018540000,0x0000000018640000)]
  0x0000000016e00000 JavaThread "C2 CompilerThread0" daemon [_thread_blocked, id=10312, stack(0x0000000018440000,0x0000000018540000)]
  0x0000000016dfb800 JavaThread "Attach Listener" daemon [_thread_blocked, id=8720, stack(0x0000000018340000,0x0000000018440000)]
  0x0000000016dfa000 JavaThread "Signal Dispatcher" daemon [_thread_blocked, id=10308, stack(0x0000000018240000,0x0000000018340000)]
  0x0000000016dea800 JavaThread "Finalizer" daemon [_thread_blocked, id=10304, stack(0x0000000018050000,0x0000000018150000)]
  0x00000000022c1000 JavaThread "Reference Handler" daemon [_thread_blocked, id=10300, stack(0x0000000017f50000,0x0000000018050000)]

Other Threads:
  0x0000000016dc7800 VMThread [stack: 0x0000000017e50000,0x0000000017f50000] [id=10296]
  0x00000000187a8800 WatcherThread [stack: 0x0000000018c40000,0x0000000018d40000] [id=10344]

VM state:not at safepoint (normal execution)

VM Mutex/Monitor currently owned by a thread: None

Heap:
 PSYoungGen      total 38400K, used 26629K [0x00000000d5f00000, 0x00000000d8980000, 0x0000000100000000)
  eden space 33280K, 80% used [0x00000000d5f00000,0x00000000d79015a8,0x00000000d7f80000)
  from space 5120K, 0% used [0x00000000d8480000,0x00000000d8480000,0x00000000d8980000)
  to   space 5120K, 0% used [0x00000000d7f80000,0x00000000d7f80000,0x00000000d8480000)
 ParOldGen       total 87552K, used 0K [0x0000000081c00000, 0x0000000087180000, 0x00000000d5f00000)
  object space 87552K, 0% used [0x0000000081c00000,0x0000000081c00000,0x0000000087180000)
 Metaspace       used 8222K, capacity 8355K, committed 8576K, reserved 1056768K
  class space    used 783K, capacity 856K, committed 896K, reserved 1048576K

Card table byte_map: [0x0000000011690000,0x0000000011a90000] byte_map_base: 0x0000000011282000

Marking Bits: (ParMarkBitMap*) 0x000000007329a6c0
 Begin Bits: [0x0000000012140000, 0x00000000140d0000)
 End Bits:   [0x00000000140d0000, 0x0000000016060000)

Polling page: 0x0000000001fa0000

CodeCache: size=245760Kb used=4281Kb max_used=4281Kb free=241478Kb
 bounds [0x00000000022d0000, 0x0000000002710000, 0x00000000112d0000]
 total_blobs=1461 nmethods=992 adapters=382
 compilation: enabled

Compilation events (10 events):
Event: 12.112 Thread 0x0000000016e0a800  986       3       com.defensetower.game.gamestates.MenuState::update (5 bytes)
Event: 12.112 Thread 0x0000000016e0a800 nmethod 986 0x00000000026f4c90 code [0x00000000026f4e00, 0x00000000026f4f88]
Event: 12.112 Thread 0x0000000016e0a800  987       3       com.defensetower.game.gamestates.MenuState::handleInput (67 bytes)
Event: 12.113 Thread 0x0000000016e0a800 nmethod 987 0x00000000026f40d0 code [0x00000000026f4280, 0x00000000026f4928]
Event: 12.113 Thread 0x0000000016e0a800  988       3       com.badlogic.gdx.backends.lwjgl.LwjglGL20::toFloatBuffer (30 bytes)
Event: 12.114 Thread 0x0000000016e0a800 nmethod 988 0x00000000026f8250 code [0x00000000026f83c0, 0x00000000026f86b8]
Event: 12.114 Thread 0x0000000016e0a800  989       3       com.badlogic.gdx.backends.lwjgl.LwjglGL20::ensureBufferCapacity (49 bytes)
Event: 12.115 Thread 0x0000000016e0a800 nmethod 989 0x00000000026f76d0 code [0x00000000026f78a0, 0x00000000026f7fb8]
Event: 12.115 Thread 0x0000000016e0a800  990       3       org.lwjgl.opengl.GL20::glUniformMatrix4 (37 bytes)
Event: 12.117 Thread 0x0000000016e0a800 nmethod 990 0x00000000026ff710 code [0x00000000026ff960, 0x0000000002700618]

GC Heap History (0 events):
No events

Deoptimization events (9 events):
Event: 1.163 Thread 0x00000000189da000 Uncommon trap: reason=unstable_if action=reinterpret pc=0x00000000024d1ff0 method=java.lang.String.<init>([CII)V @ 18
Event: 1.186 Thread 0x00000000189da000 Uncommon trap: reason=unstable_if action=reinterpret pc=0x0000000002519de8 method=javazoom.jl.decoder.OutputBuffer.clip(F)S @ 4
Event: 1.279 Thread 0x00000000189da000 Uncommon trap: reason=unstable_if action=reinterpret pc=0x000000000252a134 method=javazoom.jl.decoder.huffcodetab.huffman_decoder(Ljavazoom/jl/decoder/huffcodetab;[I[I[I[ILjavazoom/jl/decoder/BitReserve;)I @ 230
Event: 1.320 Thread 0x00000000189da000 Uncommon trap: reason=unstable_if action=reinterpret pc=0x0000000002593408 method=javazoom.jl.decoder.BitReserve.hgetbits(I)I @ 22
Event: 1.407 Thread 0x00000000189da000 Uncommon trap: reason=unstable_if action=reinterpret pc=0x00000000025991f0 method=javazoom.jl.decoder.LayerIIIDecoder.stereo(I)V @ 137
Event: 1.407 Thread 0x00000000189da000 Uncommon trap: reason=predicate action=maybe_recompile pc=0x00000000025b2018 method=javazoom.jl.decoder.LayerIIIDecoder.stereo(I)V @ 1892
Event: 1.407 Thread 0x00000000189da000 Uncommon trap: reason=unstable_if action=reinterpret pc=0x00000000025b0f78 method=javazoom.jl.decoder.LayerIIIDecoder.stereo(I)V @ 1914
Event: 15.362 Thread 0x00000000189da000 Uncommon trap: reason=class_check action=maybe_recompile pc=0x00000000026c2228 method=com.badlogic.gdx.utils.ObjectMap.get(Ljava/lang/Object;)Ljava/lang/Object; @ 1
Event: 15.362 Thread 0x00000000189da000 Uncommon trap: reason=class_check action=maybe_recompile pc=0x00000000026c2228 method=com.badlogic.gdx.utils.ObjectMap.get(Ljava/lang/Object;)Ljava/lang/Object; @ 1

Internal exceptions (10 events):
Event: 0.172 Thread 0x00000000021d2800 Exception <a 'java/security/PrivilegedActionException'> (0x00000000d61a8b28) thrown at [C:\re\workspace\8-2-build-windows-amd64-cygwin\jdk8u111\7883\hotspot\src\share\vm\prims\jvm.cpp, line 1386]
Event: 0.172 Thread 0x00000000021d2800 Exception <a 'java/security/PrivilegedActionException'> (0x00000000d61a8d38) thrown at [C:\re\workspace\8-2-build-windows-amd64-cygwin\jdk8u111\7883\hotspot\src\share\vm\prims\jvm.cpp, line 1386]
Event: 0.349 Thread 0x00000000021d2800 Exception <a 'java/security/PrivilegedActionException'> (0x00000000d62e4a50) thrown at [C:\re\workspace\8-2-build-windows-amd64-cygwin\jdk8u111\7883\hotspot\src\share\vm\prims\jvm.cpp, line 1386]
Event: 0.349 Thread 0x00000000021d2800 Exception <a 'java/security/PrivilegedActionException'> (0x00000000d62e6728) thrown at [C:\re\workspace\8-2-build-windows-amd64-cygwin\jdk8u111\7883\hotspot\src\share\vm\prims\jvm.cpp, line 1386]
Event: 0.349 Thread 0x00000000021d2800 Exception <a 'java/security/PrivilegedActionException'> (0x00000000d62e7898) thrown at [C:\re\workspace\8-2-build-windows-amd64-cygwin\jdk8u111\7883\hotspot\src\share\vm\prims\jvm.cpp, line 1386]
Event: 0.349 Thread 0x00000000021d2800 Exception <a 'java/security/PrivilegedActionException'> (0x00000000d62eca48) thrown at [C:\re\workspace\8-2-build-windows-amd64-cygwin\jdk8u111\7883\hotspot\src\share\vm\prims\jvm.cpp, line 1386]
Event: 0.349 Thread 0x00000000021d2800 Exception <a 'java/security/PrivilegedActionException'> (0x00000000d62ed6a0) thrown at [C:\re\workspace\8-2-build-windows-amd64-cygwin\jdk8u111\7883\hotspot\src\share\vm\prims\jvm.cpp, line 1386]
Event: 0.349 Thread 0x00000000021d2800 Exception <a 'java/security/PrivilegedActionException'> (0x00000000d62ee2c8) thrown at [C:\re\workspace\8-2-build-windows-amd64-cygwin\jdk8u111\7883\hotspot\src\share\vm\prims\jvm.cpp, line 1386]
Event: 1.148 Thread 0x00000000189da000 Exception <a 'java/lang/NoSuchFieldError': method resolution failed> (0x00000000d698b178) thrown at [C:\re\workspace\8-2-build-windows-amd64-cygwin\jdk8u111\7883\hotspot\src\share\vm\prims\methodHandles.cpp, line 1146]
Event: 1.150 Thread 0x00000000189da000 Exception <a 'java/lang/NoSuchFieldError': method resolution failed> (0x00000000d6998838) thrown at [C:\re\workspace\8-2-build-windows-amd64-cygwin\jdk8u111\7883\hotspot\src\share\vm\prims\methodHandles.cpp, line 1146]

Events (10 events):
Event: 9.162 loading class org/lwjgl/opengl/WindowsKeycodes
Event: 9.162 loading class org/lwjgl/opengl/WindowsKeycodes done
Event: 9.163 loading class com/badlogic/gdx/backends/lwjgl/LwjglInput$KeyEvent
Event: 9.163 loading class com/badlogic/gdx/backends/lwjgl/LwjglInput$KeyEvent done
Event: 15.362 Thread 0x00000000189da000 Uncommon trap: trap_request=0xffffffde fr.pc=0x00000000026c2228
Event: 15.362 Thread 0x00000000189da000 DEOPT PACKING pc=0x00000000026c2228 sp=0x000000001978f2c0
Event: 15.362 Thread 0x00000000189da000 DEOPT UNPACKING pc=0x000000000231582a sp=0x000000001978f278 mode 2
Event: 15.362 Thread 0x00000000189da000 Uncommon trap: trap_request=0xffffffde fr.pc=0x00000000026c2228
Event: 15.362 Thread 0x00000000189da000 DEOPT PACKING pc=0x00000000026c2228 sp=0x000000001978f2c0
Event: 15.362 Thread 0x00000000189da000 DEOPT UNPACKING pc=0x000000000231582a sp=0x000000001978f278 mode 2


Dynamic libraries:
0x00007ff711370000 - 0x00007ff7113a7000 	C:\Program Files\Java\jdk1.8.0_111\bin\java.exe
0x00007ff96ff40000 - 0x00007ff970111000 	C:\WINDOWS\SYSTEM32\ntdll.dll
0x00007ff96e010000 - 0x00007ff96e0bb000 	C:\WINDOWS\System32\KERNEL32.DLL
0x00007ff952920000 - 0x00007ff952974000 	C:\Program Files (x86)\AVG\Av\avghooka.dll
0x00007ff96c8c0000 - 0x00007ff96cadd000 	C:\WINDOWS\System32\KERNELBASE.dll
0x00007ff96e2a0000 - 0x00007ff96e342000 	C:\WINDOWS\System32\ADVAPI32.dll
0x00007ff96e5d0000 - 0x00007ff96e66e000 	C:\WINDOWS\System32\msvcrt.dll
0x00007ff96e7b0000 - 0x00007ff96e809000 	C:\WINDOWS\System32\sechost.dll
0x00007ff96e870000 - 0x00007ff96e991000 	C:\WINDOWS\System32\RPCRT4.dll
0x00007ff96e130000 - 0x00007ff96e295000 	C:\WINDOWS\System32\USER32.dll
0x00007ff96c530000 - 0x00007ff96c54e000 	C:\WINDOWS\System32\win32u.dll
0x00007ff96dda0000 - 0x00007ff96ddd4000 	C:\WINDOWS\System32\GDI32.dll
0x00007ff96d230000 - 0x00007ff96d3b2000 	C:\WINDOWS\System32\gdi32full.dll
0x00007ff964a80000 - 0x00007ff964cf9000 	C:\WINDOWS\WinSxS\amd64_microsoft.windows.common-controls_6595b64144ccf1df_6.0.14393.447_none_42191651c6827bb3\COMCTL32.dll
0x00007ff96d500000 - 0x00007ff96d7c8000 	C:\WINDOWS\System32\combase.dll
0x00007ff96c430000 - 0x00007ff96c525000 	C:\WINDOWS\System32\ucrtbase.dll
0x00007ff96d1c0000 - 0x00007ff96d22a000 	C:\WINDOWS\System32\bcryptPrimitives.dll
0x00007ff96d4d0000 - 0x00007ff96d4fe000 	C:\WINDOWS\System32\IMM32.DLL
0x0000000073320000 - 0x00000000733f2000 	C:\Program Files\Java\jdk1.8.0_111\jre\bin\msvcr100.dll
0x0000000072a80000 - 0x000000007331a000 	C:\Program Files\Java\jdk1.8.0_111\jre\bin\server\jvm.dll
0x00007ff96de80000 - 0x00007ff96de88000 	C:\WINDOWS\System32\PSAPI.DLL
0x00007ff95d6c0000 - 0x00007ff95d6c9000 	C:\WINDOWS\SYSTEM32\WSOCK32.dll
0x00007ff96e9a0000 - 0x00007ff96ea0a000 	C:\WINDOWS\System32\WS2_32.dll
0x00007ff96a800000 - 0x00007ff96a823000 	C:\WINDOWS\SYSTEM32\WINMM.dll
0x00007ff967590000 - 0x00007ff96759a000 	C:\WINDOWS\SYSTEM32\VERSION.dll
0x00007ff96a260000 - 0x00007ff96a28b000 	C:\WINDOWS\SYSTEM32\WINMMBASE.dll
0x00007ff96c600000 - 0x00007ff96c642000 	C:\WINDOWS\System32\cfgmgr32.dll
0x0000000072a70000 - 0x0000000072a7f000 	C:\Program Files\Java\jdk1.8.0_111\jre\bin\verify.dll
0x0000000072a40000 - 0x0000000072a69000 	C:\Program Files\Java\jdk1.8.0_111\jre\bin\java.dll
0x0000000072a20000 - 0x0000000072a36000 	C:\Program Files\Java\jdk1.8.0_111\jre\bin\zip.dll
0x00007ff96ea30000 - 0x00007ff96ff39000 	C:\WINDOWS\System32\SHELL32.dll
0x00007ff96cae0000 - 0x00007ff96d1ba000 	C:\WINDOWS\System32\windows.storage.dll
0x00007ff96c3c0000 - 0x00007ff96c40c000 	C:\WINDOWS\System32\powrprof.dll
0x00007ff96e570000 - 0x00007ff96e5c2000 	C:\WINDOWS\System32\shlwapi.dll
0x00007ff96c420000 - 0x00007ff96c42f000 	C:\WINDOWS\System32\kernel.appcore.dll
0x00007ff96c550000 - 0x00007ff96c5f9000 	C:\WINDOWS\System32\shcore.dll
0x00007ff96c3a0000 - 0x00007ff96c3b4000 	C:\WINDOWS\System32\profapi.dll
0x0000000065580000 - 0x0000000065616000 	C:\Users\ferna_000\AppData\Local\Temp\libgdxferna_000\8aad67a5\gdx64.dll
0x00007ff96be20000 - 0x00007ff96be37000 	C:\WINDOWS\SYSTEM32\CRYPTSP.dll
0x00007ff96bd20000 - 0x00007ff96bd53000 	C:\WINDOWS\system32\rsaenh.dll
0x00007ff96c2f0000 - 0x00007ff96c31b000 	C:\WINDOWS\SYSTEM32\bcrypt.dll
0x00007ff96ba30000 - 0x00007ff96ba4f000 	C:\WINDOWS\SYSTEM32\USERENV.dll
0x00007ff96be10000 - 0x00007ff96be1b000 	C:\WINDOWS\SYSTEM32\CRYPTBASE.dll
0x0000000072a00000 - 0x0000000072a1a000 	C:\Program Files\Java\jdk1.8.0_111\jre\bin\net.dll
0x00007ff96bba0000 - 0x00007ff96bbfc000 	C:\WINDOWS\system32\mswsock.dll
0x00007ff96b930000 - 0x00007ff96b968000 	C:\WINDOWS\SYSTEM32\IPHLPAPI.DLL
0x00007ff96ea10000 - 0x00007ff96ea18000 	C:\WINDOWS\System32\NSI.dll
0x00007ff967250000 - 0x00007ff967266000 	C:\WINDOWS\SYSTEM32\dhcpcsvc6.DLL
0x00007ff967230000 - 0x00007ff96724a000 	C:\WINDOWS\SYSTEM32\dhcpcsvc.DLL
0x00000000729e0000 - 0x00000000729f1000 	C:\Program Files\Java\jdk1.8.0_111\jre\bin\nio.dll
0x0000000180000000 - 0x0000000180053000 	C:\Users\ferna_000\AppData\Local\Temp\libgdxferna_000\dc0f0009\lwjgl64.dll
0x00007ff947760000 - 0x00007ff947883000 	C:\WINDOWS\SYSTEM32\OPENGL32.dll
0x00007ff9476f0000 - 0x00007ff94771d000 	C:\WINDOWS\SYSTEM32\GLU32.dll
0x00007ff9475f0000 - 0x00007ff9476e7000 	C:\WINDOWS\SYSTEM32\DDRAW.dll
0x00007ff94ae20000 - 0x00007ff94ae28000 	C:\WINDOWS\SYSTEM32\DCIMAN32.dll
0x0000000019080000 - 0x00000000190e4000 	C:\Users\FERNA_~1\AppData\Local\Temp\libgdxferna_000\dc0f0009\OpenAL64.dll
0x00007ff96e670000 - 0x00007ff96e7a7000 	C:\WINDOWS\System32\ole32.dll
0x00007ff96ab30000 - 0x00007ff96abc5000 	C:\WINDOWS\system32\uxtheme.dll
0x00007ff94eb20000 - 0x00007ff94eb69000 	C:\Program Files (x86)\TeamViewer\tv_x64.dll
0x00007ff96dde0000 - 0x00007ff96de7f000 	C:\WINDOWS\System32\clbcatq.dll
0x00007ff969ca0000 - 0x00007ff969e25000 	C:\WINDOWS\System32\PROPSYS.dll
0x00007ff96e350000 - 0x00007ff96e40f000 	C:\WINDOWS\System32\OLEAUT32.dll
0x00007ff96c650000 - 0x00007ff96c6ec000 	C:\WINDOWS\System32\msvcp_win.dll
0x00007ff952850000 - 0x00007ff9528eb000 	C:\WINDOWS\SYSTEM32\dsound.dll
0x00007ff9654d0000 - 0x00007ff965541000 	C:\WINDOWS\System32\MMDevApi.dll
0x00007ff96adf0000 - 0x00007ff96ae18000 	C:\WINDOWS\System32\DEVOBJ.dll
0x00007ff9421d0000 - 0x00007ff942264000 	C:\WINDOWS\SYSTEM32\AUDIOSES.DLL
0x00007ff968d50000 - 0x00007ff968e86000 	C:\WINDOWS\SYSTEM32\wintypes.dll
0x00007ff96e410000 - 0x00007ff96e56b000 	C:\WINDOWS\System32\MSCTF.dll
0x00007ff96a040000 - 0x00007ff96a066000 	C:\WINDOWS\system32\dwmapi.dll
0x0000000070850000 - 0x00000000729c1000 	C:\WINDOWS\SYSTEM32\nvoglv64.DLL
0x00007ff96d970000 - 0x00007ff96dd99000 	C:\WINDOWS\System32\SETUPAPI.dll
0x00007ff969850000 - 0x00007ff969863000 	C:\WINDOWS\SYSTEM32\WTSAPI32.dll
0x00007ff956ee0000 - 0x00007ff957072000 	C:\WINDOWS\SYSTEM32\Dbghelp.dll
0x00007ff96d3c0000 - 0x00007ff96d415000 	C:\WINDOWS\System32\WINTRUST.dll
0x00007ff96c410000 - 0x00007ff96c420000 	C:\WINDOWS\System32\MSASN1.dll
0x00007ff96c6f0000 - 0x00007ff96c8b9000 	C:\WINDOWS\System32\CRYPT32.dll
0x00007ff96b750000 - 0x00007ff96b782000 	C:\WINDOWS\SYSTEM32\ntmarta.dll
0x00007ff964d00000 - 0x00007ff964d91000 	C:\WINDOWS\SYSTEM32\mscms.dll
0x00007ff950510000 - 0x00007ff950552000 	C:\WINDOWS\SYSTEM32\icm32.dll
0x00007ff96c1e0000 - 0x00007ff96c236000 	C:\WINDOWS\SYSTEM32\WINSTA.dll

VM Arguments:
jvm_args: -Dfile.encoding=windows-1252 -Duser.country=US -Duser.language=en -Duser.variant 
java_command: com.defensetower.game.desktop.DesktopLauncher
java_class_path (initial): C:\Users\ferna_000\Documents\Projects\Defend Tower\desktop\build\classes\main;C:\Users\ferna_000\Documents\Projects\Defend Tower\desktop\build\resources\main;C:\Users\ferna_000\Documents\Projects\Defend Tower\core\build\libs\core-1.0.jar;C:\Users\ferna_000\.gradle\caches\modules-2\files-2.1\com.badlogicgames.gdx\gdx-backend-lwjgl\1.9.4\4c6c108a9dcbc07096de8594b93f9cab33856fe2\gdx-backend-lwjgl-1.9.4.jar;C:\Users\ferna_000\.gradle\caches\modules-2\files-2.1\com.badlogicgames.gdx\gdx-platform\1.9.4\8e93afecc287ab152179983fc1b5f65db4c2fa4c\gdx-platform-1.9.4-natives-desktop.jar;C:\Users\ferna_000\.gradle\caches\modules-2\files-2.1\com.badlogicgames.gdx\gdx-box2d-platform\1.9.4\905a9ed3017cd3917b7fbada5ece58c40fddcbca\gdx-box2d-platform-1.9.4-natives-desktop.jar;C:\Users\ferna_000\.gradle\caches\modules-2\files-2.1\com.badlogicgames.gdx\gdx\1.9.4\4b4b7962d1bc75af0438f5c81ec1010557bc9ee5\gdx-1.9.4.jar;C:\Users\ferna_000\.gradle\caches\modules-2\files-2.1\com.badlogicgames.gdx\gdx-box2d\1.9.4\98a0d25c9f0637fecac6e4aacf7287aa635964f5\gdx-box2d-1.9.4.jar;C:\Users\ferna_000\.gradle\caches\modules-2\files-2.1\com.badlogicgames.ashley\ashley\1.7.0\a7c4083c0a42027a3c03ba7ccecef6cbe1c5f0a4\ashley-1.7.0.jar;C:\Users\ferna_000\.gradle\caches\modules-2\files-2.1\org.lwjgl.lwjgl\lwjgl\2.9.2\a9d80fe5935c7a9149f6584d9777cfd471f65489\lwjgl-2.9.2.jar;C:\Users\ferna_000\.gradle\caches\modules-2\files-2.1\org.lwjgl.lwjgl\lwjgl_util\2.9.2\4b9e37300a87799856e0bd15ed81663cdb6b0947\lwjgl_util-2.9.2.jar;C:\Users\ferna_000\.gradle\caches\modules-2\files-2.1\com.badlogicgames.jlayer\jlayer\1.0.1-gdx\7cca83cec5c1b2f011362f4d85aabd71a73b049d\jlayer-1.0.1-gdx.jar;C:\Users\ferna_000\.gradle\caches\modules-2\files-2.1\org.jcraft\jorbis\0.0.17\8872d22b293e8f5d7d56ff92be966e6dc28ebdc6\jorbis-0.0.17.jar;C:\Users\ferna_000\.gradle\caches\modules-2\files-2.1\org.lwjgl.lwjgl\lwjgl-platform\2.9.2\510c7d317f5e9e700b9cfaac5fd38bdebf0702e0\lwjgl-platform-2.9.2-natives-windows.jar;C
Launcher Type: SUN_STANDARD

Environment Variables:
JAVA_HOME=C:\Program Files\Java\jdk1.8.0_111
CLASSPATH=C:\Users\ferna_000\Documents\Projects\Defend Tower\\gradle\wrapper\gradle-wrapper.jar
PATH=C:\Program Files (x86)\Razer Chroma SDK\bin;C:\Program Files\Razer Chroma SDK\bin;C:\ProgramData\Oracle\Java\javapath;C:\Windows\system32;C:\Windows;C:\Windows\System32\Wbem;C:\Windows\System32\WindowsPowerShell\v1.0\;C:\WINDOWS\system32;C:\WINDOWS;C:\WINDOWS\System32\Wbem;C:\WINDOWS\System32\WindowsPowerShell\v1.0\;C:\Program Files (x86)\Skype\Phone\;C:\Program Files (x86)\NVIDIA Corporation\PhysX\Common;C:\Program Files (x86)\Windows Live\Shared;C:\Program Files\Git\cmd;C:\WINDOWS\system32;C:\WINDOWS;C:\WINDOWS\System32\Wbem;C:\WINDOWS\System32\WindowsPowerShell\v1.0\;C:\Users\ferna_000\Documents\Developer Tools\gradle
USERNAME=ferna_000
OS=Windows_NT
PROCESSOR_IDENTIFIER=Intel64 Family 6 Model 60 Stepping 3, GenuineIntel



---------------  S Y S T E M  ---------------

OS: Windows 10.0 , 64 bit Build 14393 (10.0.14393.0)

CPU:total 4 (4 cores per cpu, 1 threads per core) family 6 model 60 stepping 3, cmov, cx8, fxsr, mmx, sse, sse2, sse3, ssse3, sse4.1, sse4.2, popcnt, avx, avx2, aes, clmul, erms, lzcnt, tsc, tscinvbit, bmi1, bmi2

Memory: 4k page, physical 8271788k(4424604k free), swap 12990380k(8292656k free)

vm_info: Java HotSpot(TM) 64-Bit Server VM (25.111-b14) for windows-amd64 JRE (1.8.0_111-b14), built on Sep 22 2016 19:24:05 by "java_re" with MS VC++ 10.0 (VS2010)

time: Wed Jan 04 14:36:41 2017
elapsed time: 15 seconds (0d 0h 0m 15s)

